2020-06-24 22:51:26.589 INFO  [main]com.zrf.blog.BlogApplication.logStarting:55 -Starting BlogApplication on DESKTOP-UU8QC51 with PID 16308 (E:\MyStudyRes\school\体系结构\3117005005+张润发+体系结构\课程设计-个人博客系统\blog\target\classes started by admin in E:\MyStudyRes\school\体系结构\3117005005+张润发+体系结构\课程设计-个人博客系统\blog)
2020-06-24 22:51:26.601 INFO  [main]com.zrf.blog.BlogApplication.logStartupProfileInfo:655 -The following profiles are active: local
2020-06-24 22:51:27.711 INFO  [main]o.s.d.repository.config.RepositoryConfigurationDelegate.registerRepositoriesIn:127 -Bootstrapping Spring Data MongoDB repositories in DEFAULT mode.
2020-06-24 22:51:27.727 INFO  [main]o.s.d.repository.config.RepositoryConfigurationDelegate.registerRepositoriesIn:187 -Finished Spring Data repository scanning in 11ms. Found 0 MongoDB repository interfaces.
2020-06-24 22:51:28.142 INFO  [main]o.s.c.s.PostProcessorRegistrationDelegate$BeanPostProcessorChecker.postProcessAfterInitialization:335 -Bean 'shiroConfig' of type [com.zrf.blog.config.ShiroConfig$$EnhancerBySpringCGLIB$$5803d212] is not eligible for getting processed by all BeanPostProcessors (for example: not eligible for auto-proxying)
2020-06-24 22:51:28.163 INFO  [main]o.s.c.s.PostProcessorRegistrationDelegate$BeanPostProcessorChecker.postProcessAfterInitialization:335 -Bean 'adminRealm' of type [com.zrf.blog.realm.AdminRealm] is not eligible for getting processed by all BeanPostProcessors (for example: not eligible for auto-proxying)
2020-06-24 22:51:30.515 INFO  [main]o.s.c.s.PostProcessorRegistrationDelegate$BeanPostProcessorChecker.postProcessAfterInitialization:335 -Bean 'securityManager' of type [org.apache.shiro.web.mgt.DefaultWebSecurityManager] is not eligible for getting processed by all BeanPostProcessors (for example: not eligible for auto-proxying)
2020-06-24 22:51:30.551 INFO  [main]o.s.c.s.PostProcessorRegistrationDelegate$BeanPostProcessorChecker.postProcessAfterInitialization:335 -Bean 'authorizationAttributeSourceAdvisor' of type [org.apache.shiro.spring.security.interceptor.AuthorizationAttributeSourceAdvisor] is not eligible for getting processed by all BeanPostProcessors (for example: not eligible for auto-proxying)
2020-06-24 22:51:30.911 INFO  [main]o.s.boot.web.embedded.tomcat.TomcatWebServer.initialize:108 -Tomcat initialized with port(s): 1000 (http)
2020-06-24 22:51:30.918 INFO  [main]org.apache.coyote.http11.Http11NioProtocol.log:173 -Initializing ProtocolHandler ["http-nio-1000"]
2020-06-24 22:51:30.919 INFO  [main]org.apache.catalina.core.StandardService.log:173 -Starting service [Tomcat]
2020-06-24 22:51:30.919 INFO  [main]org.apache.catalina.core.StandardEngine.log:173 -Starting Servlet engine: [Apache Tomcat/9.0.36]
2020-06-24 22:51:31.018 INFO  [main]o.a.catalina.core.ContainerBase.[Tomcat].[localhost].[/].log:173 -Initializing Spring embedded WebApplicationContext
2020-06-24 22:51:31.019 INFO  [main]o.s.b.w.s.context.ServletWebServerApplicationContext.prepareWebApplicationContext:285 -Root WebApplicationContext: initialization completed in 4326 ms
2020-06-24 22:51:31.319 INFO  [main]org.apache.catalina.core.StandardService.log:173 -Stopping service [Tomcat]
2020-06-24 22:51:31.362 INFO  [main]o.s.b.a.logging.ConditionEvaluationReportLoggingListener.logMessage:136 -

Error starting ApplicationContext. To display the conditions report re-run your application with 'debug' enabled.
2020-06-24 22:56:56.087 INFO  [main]com.zrf.blog.BlogApplication.logStarting:55 -Starting BlogApplication on DESKTOP-UU8QC51 with PID 3812 (E:\MyStudyRes\school\体系结构\3117005005+张润发+体系结构\课程设计-个人博客系统\blog\target\classes started by admin in E:\MyStudyRes\school\体系结构\3117005005+张润发+体系结构\课程设计-个人博客系统\blog)
2020-06-24 22:56:56.091 INFO  [main]com.zrf.blog.BlogApplication.logStartupProfileInfo:655 -The following profiles are active: local
2020-06-24 22:56:56.865 INFO  [main]o.s.d.repository.config.RepositoryConfigurationDelegate.registerRepositoriesIn:127 -Bootstrapping Spring Data MongoDB repositories in DEFAULT mode.
2020-06-24 22:56:56.888 INFO  [main]o.s.d.repository.config.RepositoryConfigurationDelegate.registerRepositoriesIn:187 -Finished Spring Data repository scanning in 19ms. Found 0 MongoDB repository interfaces.
2020-06-24 22:56:57.270 INFO  [main]o.s.c.s.PostProcessorRegistrationDelegate$BeanPostProcessorChecker.postProcessAfterInitialization:335 -Bean 'shiroConfig' of type [com.zrf.blog.config.ShiroConfig$$EnhancerBySpringCGLIB$$ee0f158b] is not eligible for getting processed by all BeanPostProcessors (for example: not eligible for auto-proxying)
2020-06-24 22:56:57.296 INFO  [main]o.s.c.s.PostProcessorRegistrationDelegate$BeanPostProcessorChecker.postProcessAfterInitialization:335 -Bean 'adminRealm' of type [com.zrf.blog.realm.AdminRealm] is not eligible for getting processed by all BeanPostProcessors (for example: not eligible for auto-proxying)
2020-06-24 22:56:59.766 INFO  [main]o.s.c.s.PostProcessorRegistrationDelegate$BeanPostProcessorChecker.postProcessAfterInitialization:335 -Bean 'securityManager' of type [org.apache.shiro.web.mgt.DefaultWebSecurityManager] is not eligible for getting processed by all BeanPostProcessors (for example: not eligible for auto-proxying)
2020-06-24 22:56:59.802 INFO  [main]o.s.c.s.PostProcessorRegistrationDelegate$BeanPostProcessorChecker.postProcessAfterInitialization:335 -Bean 'authorizationAttributeSourceAdvisor' of type [org.apache.shiro.spring.security.interceptor.AuthorizationAttributeSourceAdvisor] is not eligible for getting processed by all BeanPostProcessors (for example: not eligible for auto-proxying)
2020-06-24 22:57:00.169 INFO  [main]o.s.boot.web.embedded.tomcat.TomcatWebServer.initialize:108 -Tomcat initialized with port(s): 1000 (http)
2020-06-24 22:57:00.176 INFO  [main]org.apache.coyote.http11.Http11NioProtocol.log:173 -Initializing ProtocolHandler ["http-nio-1000"]
2020-06-24 22:57:00.177 INFO  [main]org.apache.catalina.core.StandardService.log:173 -Starting service [Tomcat]
2020-06-24 22:57:00.177 INFO  [main]org.apache.catalina.core.StandardEngine.log:173 -Starting Servlet engine: [Apache Tomcat/9.0.36]
2020-06-24 22:57:00.279 INFO  [main]o.a.catalina.core.ContainerBase.[Tomcat].[localhost].[/].log:173 -Initializing Spring embedded WebApplicationContext
2020-06-24 22:57:00.280 INFO  [main]o.s.b.w.s.context.ServletWebServerApplicationContext.prepareWebApplicationContext:285 -Root WebApplicationContext: initialization completed in 4130 ms
2020-06-24 22:57:00.402 INFO  [main]c.a.d.s.boot.autoconfigure.DruidDataSourceAutoConfigure.dataSource:56 -Init DruidDataSource
2020-06-24 22:57:01.370 INFO  [main]com.alibaba.druid.pool.DruidDataSource.init:930 -{dataSource-1} inited
2020-06-24 22:57:02.148 INFO  [main]org.mongodb.driver.cluster.info:71 -Cluster created with settings {hosts=[localhost:27017], mode=SINGLE, requiredClusterType=UNKNOWN, serverSelectionTimeout='30000 ms'}
2020-06-24 22:57:02.399 INFO  [cluster-ClusterId{value='5ef369be82bf72685f4917c0', description='null'}-localhost:27017]org.mongodb.driver.connection.info:71 -Opened connection [connectionId{localValue:1, serverValue:1}] to localhost:27017
2020-06-24 22:57:02.403 INFO  [cluster-ClusterId{value='5ef369be82bf72685f4917c0', description='null'}-localhost:27017]org.mongodb.driver.cluster.info:71 -Monitor thread successfully connected to server with description ServerDescription{address=localhost:27017, type=STANDALONE, state=CONNECTED, ok=true, minWireVersion=0, maxWireVersion=8, maxDocumentSize=16777216, logicalSessionTimeoutMinutes=30, roundTripTimeNanos=2579800}
2020-06-24 22:57:03.013 INFO  [main]org.apache.coyote.http11.Http11NioProtocol.log:173 -Starting ProtocolHandler ["http-nio-1000"]
2020-06-24 22:57:03.035 INFO  [main]o.s.boot.web.embedded.tomcat.TomcatWebServer.start:220 -Tomcat started on port(s): 1000 (http) with context path ''
2020-06-24 22:57:03.044 INFO  [main]com.zrf.blog.BlogApplication.logStarted:61 -Started BlogApplication in 7.883 seconds (JVM running for 11.452)
